[05/29/18, 13:27:19:176] info: ╔═════════════════════════════════════════════════════════════════════════════════╗
[05/29/18, 13:27:19:177] info: ║      Slack 3.1.1, linux 4.13.0-43-generic on x64 at 05/29/18, 13:27:19:174      ║
[05/29/18, 13:27:19:177] info: ╚═════════════════════════════════════════════════════════════════════════════════╝
[05/29/18, 13:27:19:589] info: Initializing local storage instance at path: /home/jamessaludario/.config/Slack/local-settings.json
[05/29/18, 13:27:19:790] info: TraceRecorder: setting up trace recorder, trace will be stored under /home/jamessaludario/.config/Slack/logs/recorded-trace
[05/29/18, 13:27:20:539] info: Store: persist/REHYDRATE
[05/29/18, 13:27:20:540] info: initializeMainWindowEpic: Waiting for sign-in
[05/29/18, 13:27:20:540] info: Store: UPDATE_SETTINGS
{
  "isSignedIntoSlackOrg": false
}
[05/29/18, 13:27:20:541] info: UpdaterEpics: Updates disabled because
{
  "reasons": [
    "using Linux"
  ]
}
[05/29/18, 13:27:20:755] info: Tray Handler: Showing a tray balloon with title: Welcome to Slack!
[05/29/18, 13:27:20:769] info: Store: INITIALIZE_SETTINGS
{
  "releaseChannel": "prod",
  "platformVersion": {
    "major": 4,
    "minor": 13,
    "build": 0
  },
  "isTitleBarHidden": false,
  "isDevMode": false,
  "appVersion": "3.1.1",
  "versionName": "Blackstar",
  "devEnv": null,
  "resourcePath": "/snap/slack/6/usr/lib/slack/resources/app.asar",
  "webappSrcPath": null,
  "webappParams": null,
  "launchOnStartup": false,
  "openDevToolsOnStart": false,
  "logFile": null,
  "pretendNotReallyWindows10": false,
  "isAeroGlassEnabled": false,
  "isGpuCompositionAvailable": true,
  "linux": {
    "os": "Ubuntu 16.04.4 LTS",
    "release": "xenial",
    "desktopEnvironment": "Unity"
  }
}
[05/29/18, 13:27:20:770] info: AutoLoginEpic: Checking for autologin.
[05/29/18, 13:27:20:770] info: AutoLoginEpic: Completed autologin processing — successfully logged in 0 workspaces.
[05/29/18, 13:27:20:770] info: Store: AUTOLOGIN_TEAMS_COMPLETE
[05/29/18, 13:27:20:771] info: signInNewTeamEpic: No teams signed in, showing sign-in window
[05/29/18, 13:27:20:854] info: SignInEpic: Loading URL in new window https://slack.com/signin
[05/29/18, 13:27:20:877] info: Store: UPDATE_SETTINGS
{
  "hasRunApp": true
}
[05/29/18, 13:27:20:879] info: WebContentsMediator: Attaching to new webContents
[05/29/18, 13:27:20:890] info: Store: ADD_WINDOW
{
  "id": 2,
  "type": "main"
}
[05/29/18, 13:27:20:893] info: BrowserViewManager: Starting initialization
[05/29/18, 13:27:20:895] info: BrowserViewManager: Finished initialization
{
  "elapsed": 2
}
[05/29/18, 13:27:20:896] info: PersistSettingsWindowBehavior: Loading windowMetrics
{
  "settings": null
}
[05/29/18, 13:27:20:897] info: PersistSettingsWindowBehavior: Resetting to default window position
{
  "settings": {
    "position": [
      204,
      24
    ],
    "size": [
      1024,
      744
    ]
  }
}
[05/29/18, 13:27:20:898] info: Store: SAVE_WINDOW_SETTINGS
{
  "position": [
    204,
    24
  ],
  "size": [
    1024,
    744
  ]
}
[05/29/18, 13:27:20:918] info: Store: UPDATE_SETTINGS
{
  "PrefSSBFileDownloadPath": "/home/jamessaludario/Downloads"
}
[05/29/18, 13:27:20:920] info: DownloadListener: Downloads directory set to
{
  "downloadsDirectory": "/home/jamessaludario/Downloads"
}
[05/29/18, 13:27:20:921] info: Application: Setting main window ID
{
  "id": 2
}
[05/29/18, 13:27:20:922] info: App: Welcome to Slack 3.1.1 x64
[05/29/18, 13:27:20:922] info: App load time: 2,204953885
[05/29/18, 13:27:20:975] info: Store: SET_FULL_SCREEN
[05/29/18, 13:27:21:019] info: TransformPasswords: Writing entire reducer
[05/29/18, 13:27:23:007] info: Store: SET_NETWORK_STATUS online
[05/29/18, 16:17:16:713] info: SignInEpic: Sign-in window closed
[05/29/18, 16:17:16:714] info: maybeQuitAppAction
{
  "canceledSignIn": true,
  "hasNoTeams": true
}
[05/29/18, 16:17:16:715] info: SignInEpic: End of the road
{
  "action": "QUIT_APP"
}
[05/29/18, 16:17:16:715] info: Store: QUIT_APP
[05/29/18, 16:17:16:720] info: Allowing window close because user chose to quit
[05/29/18, 16:17:16:721] info: App: Disposing application
[05/29/18, 16:17:16:721] info: Store: REMOVE_WINDOW 2
[05/29/18, 16:17:16:751] info: Store: QUIT_APP
[05/30/18, 07:51:25:645] info: ╔═════════════════════════════════════════════════════════════════════════════════╗
[05/30/18, 07:51:25:646] info: ║      Slack 3.1.1, linux 4.13.0-43-generic on x64 at 05/30/18, 07:51:25:643      ║
[05/30/18, 07:51:25:646] info: ╚═════════════════════════════════════════════════════════════════════════════════╝
[05/30/18, 07:51:25:958] info: Initializing local storage instance at path: /home/jamessaludario/.config/Slack/local-settings.json
[05/30/18, 07:51:26:111] info: TraceRecorder: setting up trace recorder, trace will be stored under /home/jamessaludario/.config/Slack/logs/recorded-trace
[05/30/18, 07:51:26:346] info: TransformPasswords: Reading entire reducer
[05/30/18, 07:51:26:362] info: Store: persist/REHYDRATE
{
  "appTeams": {
    "selectedTeamId": null,
    "teamsByIndex": [],
    "teamsToSignOut": []
  },
  "dialog": "[REDACTED]",
  "downloads": "[REDACTED]",
  "settings": {
    "appVersion": "3.1.1",
    "versionName": "Blackstar",
    "platform": "linux",
    "platformVersion": {
      "major": 4,
      "minor": 13,
      "build": 0
    },
    "isWin10": false,
    "isBeforeWin10": false,
    "resourcePath": "/snap/slack/6/usr/lib/slack/resources/app.asar",
    "webappSrcPath": null,
    "webappParams": null,
    "isDevMode": false,
    "devEnv": null,
    "logFile": null,
    "openDevToolsOnStart": false,
    "pretendNotReallyWindows10": false,
    "releaseChannel": "prod",
    "autoHideMenuBar": false,
    "isTitleBarForcedByUser": false,
    "isTitleBarHidden": false,
    "hasRunApp": true,
    "hasRunFromTray": false,
    "reportIssueOnStartup": false,
    "isSignedIntoSlackOrg": false,
    "isGpuCompositionAvailable": true,
    "runFromTray": true,
    "launchOnStartup": false,
    "spellcheckerLanguage": null,
    "zoomLevel": 0,
    "workspaceIdleTimeout": 21600000,
    "whitelistedUrlSchemes": [
      "http:",
      "https:",
      "mailto:",
      "skype:",
      "spotify:",
      "live:",
      "callto:",
      "tel:",
      "im:",
      "sip:",
      "sips:",
      "slack:"
    ],
    "PrefSSBFileDownloadPath": "/home/jamessaludario/Downloads",
    "notificationMethod": null,
    "notificationPlayback": null,
    "notifyPosition": {
      "corner": "bottom_right",
      "display": "same_as_app"
    },
    "locale": "en-US",
    "useHwAcceleration": true,
    "os": false,
    "release": false,
    "desktopEnvironment": false,
    "isAeroGlassEnabled": false,
    "linux": {
      "os": "Ubuntu 16.04.4 LTS",
      "release": "xenial",
      "desktopEnvironment": "Unity"
    }
  },
  "teams": "[REDACTED]",
  "windowFrame": {
    "windowSettings": {
      "position": [
        204,
        24
      ],
      "size": [
        1024,
        744
      ]
    },
    "isFullScreen": false
  },
  "tokens": "[REDACTED]"
}
[05/30/18, 07:51:26:365] info: initializeMainWindowEpic: Waiting for sign-in
[05/30/18, 07:51:26:366] info: Store: UPDATE_SETTINGS
{
  "isSignedIntoSlackOrg": false
}
[05/30/18, 07:51:26:367] info: UpdaterEpics: Updates disabled because
{
  "reasons": [
    "using Linux"
  ]
}
[05/30/18, 07:51:26:541] info: Store: INITIALIZE_SETTINGS
{
  "releaseChannel": "prod",
  "platformVersion": {
    "major": 4,
    "minor": 13,
    "build": 0
  },
  "isTitleBarHidden": false,
  "isDevMode": false,
  "appVersion": "3.1.1",
  "versionName": "Blackstar",
  "devEnv": null,
  "resourcePath": "/snap/slack/6/usr/lib/slack/resources/app.asar",
  "webappSrcPath": null,
  "webappParams": null,
  "launchOnStartup": false,
  "openDevToolsOnStart": false,
  "logFile": null,
  "pretendNotReallyWindows10": false,
  "isAeroGlassEnabled": false,
  "isGpuCompositionAvailable": true,
  "linux": {
    "os": "Ubuntu 16.04.4 LTS",
    "release": "xenial",
    "desktopEnvironment": "Unity"
  }
}
[05/30/18, 07:51:26:542] info: AutoLoginEpic: Checking for autologin.
[05/30/18, 07:51:26:542] info: AutoLoginEpic: Completed autologin processing — successfully logged in 0 workspaces.
[05/30/18, 07:51:26:542] info: Store: AUTOLOGIN_TEAMS_COMPLETE
[05/30/18, 07:51:26:543] info: signInNewTeamEpic: No teams signed in, showing sign-in window
[05/30/18, 07:51:26:553] info: SignInEpic: Loading URL in new window https://slack.com/signin
[05/30/18, 07:51:26:560] info: WebContentsMediator: Attaching to new webContents
[05/30/18, 07:51:26:567] info: Store: ADD_WINDOW
{
  "id": 2,
  "type": "main"
}
[05/30/18, 07:51:26:569] info: BrowserViewManager: Starting initialization
[05/30/18, 07:51:26:570] info: BrowserViewManager: Finished initialization
{
  "elapsed": 1
}
[05/30/18, 07:51:26:572] info: PersistSettingsWindowBehavior: Loading windowMetrics
{
  "settings": {
    "position": [
      204,
      24
    ],
    "size": [
      1024,
      744
    ]
  }
}
[05/30/18, 07:51:26:591] info: Application: Setting main window ID
{
  "id": 2
}
[05/30/18, 07:51:26:594] info: App: Welcome to Slack 3.1.1 x64
[05/30/18, 07:51:26:594] info: App load time: 1,201733257
[05/30/18, 07:51:26:648] info: Store: SET_FULL_SCREEN
[05/30/18, 07:51:26:672] info: TransformPasswords: Writing entire reducer
[05/30/18, 07:51:28:095] info: Store: SET_NETWORK_STATUS online
[05/30/18, 07:51:43:820] info: SignInEpic: Sign-in window closed
[05/30/18, 07:51:43:821] info: maybeQuitAppAction
{
  "canceledSignIn": true,
  "hasNoTeams": true
}
[05/30/18, 07:51:43:822] info: SignInEpic: End of the road
{
  "action": "QUIT_APP"
}
[05/30/18, 07:51:43:822] info: Store: QUIT_APP
[05/30/18, 07:51:43:856] info: Allowing window close because user chose to quit
[05/30/18, 07:51:43:858] info: App: Disposing application
[05/30/18, 07:51:43:859] info: Store: REMOVE_WINDOW 2
[05/30/18, 07:51:43:871] info: Store: QUIT_APP
